<?xml version="1.0" encoding="UTF-8"?>
<!-- Generated by org.testng.reporters.JUnitReportReporter -->
<testsuite hostname="LAPTOP-VMJVOL2L" failures="0" tests="2" name="com.project.orangehrm.OrangeHRMLoginPageTest" time="0.000" errors="0" timestamp="2025-01-31T23:35:43 IST" skipped="2">
  <testcase classname="com.project.orangehrm.OrangeHRMLoginPageTest" name="loginPageTest" time="0.000">
    <skipped/>
  </testcase> <!-- loginPageTest -->
  <testcase classname="com.project.orangehrm.OrangeHRMLoginPageTest" name="validLoginPageTest" time="0.000">
    <skipped/>
  </testcase> <!-- validLoginPageTest -->
</testsuite> <!-- com.project.orangehrm.OrangeHRMLoginPageTest -->
