<?xml version="1.0" encoding="UTF-8"?>
<!-- Generated by org.testng.reporters.JUnitReportReporter -->
<testsuite hostname="LAPTOP-VMJVOL2L" failures="0" tests="1" name="com.project.orangehrm.LeaveTheLoginPageBlank" time="0.000" errors="0" timestamp="2025-01-31T23:35:43 IST" skipped="1">
  <testcase classname="com.project.orangehrm.LeaveTheLoginPageBlank" name="leaveTheLoginPageBlank" time="0.000">
    <skipped/>
  </testcase> <!-- leaveTheLoginPageBlank -->
</testsuite> <!-- com.project.orangehrm.LeaveTheLoginPageBlank -->
